<?xml version="1.0" encoding="UTF-8"?>
<testsuite name="Cucumber" time="303.312" tests="15" skipped="0" failures="0" errors="0">
<testcase classname="Account Service Functions" name="User should open a new account successfully" time="19.158">
<system-out><![CDATA[
Given user is logged in.....................................................passed
When user navigates to Open New Account.....................................passed
And selects account type and submits........................................passed
Then new account is created and shown to user...............................passed
]]></system-out>
</testcase>
<testcase classname="Account Service Functions" name="Accounts Overview displays correct information" time="15.798">
<system-out><![CDATA[
Given user is logged in.....................................................passed
When user goes to Accounts Overview.........................................passed
Then the list of user accounts should be displayed..........................passed
]]></system-out>
</testcase>
<testcase classname="Account Service Functions" name="User should logout successfully" time="15.172">
<system-out><![CDATA[
Given user is logged in.....................................................passed
When user clicks logout.....................................................passed
Then user should be redirected to login page................................passed
]]></system-out>
</testcase>
<testcase classname="Bill Pay Functionality" name="User pays bill with valid details" time="20.217">
<system-out><![CDATA[
Given user is logged in.....................................................passed
When user navigates to Bill Pay.............................................passed
And enters valid payee and account information..............................passed
Then bill payment should complete...........................................passed
]]></system-out>
</testcase>
<testcase classname="Bill Pay Functionality" name="Bill Payment error with missing mandatory fields" time="17.644">
<system-out><![CDATA[
Given user is logged in.....................................................passed
When user leaves required fields blank on Bill Pay page.....................passed
Then application should show field validation messages......................passed
]]></system-out>
</testcase>
<testcase classname="Bill Pay Functionality" name="Bill Payment error with invalid payment amount" time="19.841">
<system-out><![CDATA[
Given user is logged in.....................................................passed
When user enters invalid amount.............................................passed
Then appropriate error message displayed....................................passed
]]></system-out>
</testcase>
<testcase classname="User Registration on ParaBank" name="Successful new user registration" time="17.247">
<system-out><![CDATA[
Given user is on Parabank Registration page.................................passed
When user enters valid details..............................................passed
And clicks on Register button...............................................passed
Then user account should be created successfully............................passed
]]></system-out>
</testcase>
<testcase classname="User Registration on ParaBank" name="Registration fails with missing mandatory fields" time="25.414">
<system-out><![CDATA[
Given user is on Parabank Registration page.................................passed
When user leaves mandatory fields blank.....................................passed
And clicks on Register button...............................................passed
Then error message should be displayed......................................passed
]]></system-out>
</testcase>
<testcase classname="User Registration on ParaBank" name="Registration with mismatching passwords" time="24.616">
<system-out><![CDATA[
Given user is on Parabank Registration page.................................passed
When user enters mismatching password and confirm password..................passed
And clicks on Register button...............................................passed
Then a password mismatch error should display...............................passed
]]></system-out>
</testcase>
<testcase classname="Fund Transfer Between Accounts" name="Transfer funds successfully between two valid accounts" time="17.91">
<system-out><![CDATA[
Given user is logged in.....................................................passed
When user goes to Transfer Funds............................................passed
And enters valid From Account, To Account and Amount........................passed
Then transfer should be successful..........................................passed
]]></system-out>
</testcase>
<testcase classname="Fund Transfer Between Accounts" name="Transfer fails when insufficient balance" time="33.465">
<system-out><![CDATA[
Given user is logged in.....................................................passed
When user enters amount greater than account balance........................passed
Then error “Insufficient funds” should appear...............................passed
]]></system-out>
</testcase>
<testcase classname="Fund Transfer Between Accounts" name="Transfer fails with invalid account data" time="18.717">
<system-out><![CDATA[
Given user is logged in.....................................................passed
When user enters invalid account numbers....................................passed
Then proper invalid account error message should show.......................passed
]]></system-out>
</testcase>
<testcase classname="Login Functionality" name="Valid user should login successfully" time="29.233">
<system-out><![CDATA[
Given user is on Parabank Login page........................................passed
When user enters correct username and password..............................passed
And clicks Login............................................................passed
Then user should land on Account Overview page..............................passed
]]></system-out>
</testcase>
<testcase classname="Login Functionality" name="Invalid username/password should display error" time="14.658">
<system-out><![CDATA[
Given user is on Parabank Login page........................................passed
When user enters invalid credentials........................................passed
Then appropriate error message should show..................................passed
]]></system-out>
</testcase>
<testcase classname="Login Functionality" name="Login without entering credentials" time="12.005">
<system-out><![CDATA[
Given user is on Parabank Login page........................................passed
When user clicks Login without entering credentials.........................passed
Then proper validation error should appear..................................passed
]]></system-out>
</testcase>
</testsuite>
